[03:11:40] [main/INFO]: Setting user: Player413
[03:11:42] [Client thread/INFO]: LWJGL Version: 2.9.1
[03:11:47] [Client thread/INFO]: Reloading ResourceManager: Default, FMLFileResourcePack:Forge Mod Loader, FMLFileResourcePack:Minecraft Forge, FMLFileResourcePack:Elemental Infusion
[03:11:49] [Sound Library Loader/INFO]: Sound engine started
[03:11:52] [Client thread/INFO]: Created: 512x256 textures/blocks-atlas
[03:11:53] [Client thread/INFO]: Created: 256x256 textures/items-atlas
[03:11:53] [Client thread/INFO]: Reloading ResourceManager: Default, FMLFileResourcePack:Forge Mod Loader, FMLFileResourcePack:Minecraft Forge, FMLFileResourcePack:Elemental Infusion
[03:11:53] [Client thread/INFO]: Created: 256x256 textures/items-atlas
[03:11:54] [Client thread/INFO]: Created: 512x256 textures/blocks-atlas
[03:11:55] [Sound Library Loader/INFO]: Sound engine started
[03:11:58] [Server thread/INFO]: Starting integrated minecraft server version 1.7.10
[03:11:58] [Server thread/INFO]: Generating keypair
[03:11:58] [Server thread/INFO]: Preparing start region for level 0
[03:11:59] [Server thread/INFO]: Changing view distance to 7, from 10
[03:12:00] [Server thread/INFO]: Player413[local:E:0449ff73] logged in with entity id 0 at (446.8287835202618, 56.0, 1102.4698567885848)
[03:12:00] [Server thread/INFO]: Player413 joined the game
[03:12:07] [Server thread/INFO]: Saving and pausing game...
[03:12:07] [Server thread/INFO]: Saving chunks for level 'New World'/Overworld
[03:12:07] [Server thread/INFO]: Saving chunks for level 'New World'/Nether
[03:12:07] [Server thread/INFO]: Saving chunks for level 'New World'/The End
