[00:44:46] [main/INFO]: Setting user: Player606
[00:44:48] [Client thread/INFO]: LWJGL Version: 2.9.1
[00:44:53] [Client thread/INFO]: Reloading ResourceManager: Default, FMLFileResourcePack:Forge Mod Loader, FMLFileResourcePack:Minecraft Forge, FMLFileResourcePack:Elemental Infusion
[00:44:54] [Sound Library Loader/INFO]: Sound engine started
[00:44:56] [Client thread/INFO]: Created: 512x256 textures/blocks-atlas
[00:44:57] [Client thread/INFO]: Created: 256x256 textures/items-atlas
[00:44:57] [Client thread/INFO]: Reloading ResourceManager: Default, FMLFileResourcePack:Forge Mod Loader, FMLFileResourcePack:Minecraft Forge, FMLFileResourcePack:Elemental Infusion
[00:44:57] [Client thread/INFO]: Created: 256x256 textures/items-atlas
[00:44:57] [Client thread/INFO]: Created: 512x256 textures/blocks-atlas
[00:44:58] [Sound Library Loader/INFO]: Sound engine started
[00:45:02] [Server thread/INFO]: Starting integrated minecraft server version 1.7.10
[00:45:02] [Server thread/INFO]: Generating keypair
[00:45:03] [Server thread/INFO]: Preparing start region for level 0
[00:45:04] [Server thread/INFO]: Changing view distance to 7, from 10
[00:45:04] [Server thread/INFO]: Player606[local:E:5061cb82] logged in with entity id 0 at (453.0015266121378, 56.0, 1086.8542408465937)
[00:45:04] [Server thread/INFO]: Player606 joined the game
[00:45:26] [Server thread/INFO]: Player606 has just earned the achievement [Taking Inventory]
[00:45:26] [Client thread/INFO]: [CHAT] Player606 has just earned the achievement [Taking Inventory]
[00:45:33] [Server thread/INFO]: [Player606: Set own game mode to Creative Mode]
[00:45:33] [Client thread/INFO]: [CHAT] Your game mode has been updated
[00:45:58] [Server thread/INFO]: [Player606: Set own game mode to Survival Mode]
[00:45:58] [Client thread/INFO]: [CHAT] Your game mode has been updated
[00:48:27] [Client thread/INFO]: [CHAT] Unlocalized Name: tile.blockDiamond
[00:48:29] [Client thread/INFO]: [CHAT] Unlocalized Name: tile.water_diamond_block
[00:48:30] [Client thread/INFO]: [CHAT] Unlocalized Name: tile.air_diamond_block
[00:48:31] [Client thread/INFO]: [CHAT] Unlocalized Name: tile.earth_diamond_block
[00:48:32] [Client thread/INFO]: [CHAT] Unlocalized Name: tile.fire_diamond_block
[00:48:33] [Client thread/INFO]: [CHAT] Unlocalized Name: tile.earth_iron_block
[00:48:34] [Client thread/INFO]: [CHAT] Unlocalized Name: tile.air_iron_block
[00:48:35] [Client thread/INFO]: [CHAT] Unlocalized Name: tile.water_iron_block
[00:48:36] [Client thread/INFO]: [CHAT] Unlocalized Name: tile.fire_iron_block
[00:48:44] [Client thread/INFO]: [CHAT] Unlocalized Name: tile.blockIron
[00:48:47] [Client thread/INFO]: [CHAT] Unlocalized Name: tile.void_stone
[00:48:47] [Client thread/INFO]: [CHAT] Unlocalized Name: tile.void_stone
[00:48:48] [Client thread/INFO]: [CHAT] Unlocalized Name: tile.fire_block
[00:49:23] [Server thread/INFO]: [Player606: Set own game mode to Creative Mode]
[00:49:24] [Client thread/INFO]: [CHAT] Your game mode has been updated
[00:49:47] [Server thread/INFO]: [Player606: Set own game mode to Survival Mode]
[00:49:47] [Client thread/INFO]: [CHAT] Your game mode has been updated
[00:50:05] [Client thread/INFO]: [CHAT] Machine Core Configuration: Currently set to Water Totem.
[00:50:06] [Client thread/INFO]: [CHAT] Machine Core Configuration: Currently set to Air Totem.
[00:50:07] [Client thread/INFO]: [CHAT] Machine Core Configuration: Currently set to Earth Totem.
[00:50:07] [Client thread/INFO]: [CHAT] Machine Core Configuration: Currently set to Fire Totem.
[00:50:08] [Client thread/INFO]: [CHAT] Machine Core Configuration: Currently set to Fire Totem.
[00:50:09] [Client thread/INFO]: [CHAT] Machine Core Configuration: Currently set to Fire Totem.
[00:50:09] [Client thread/INFO]: [CHAT] Machine Core Configuration: Currently set to Fire Totem.
[00:50:09] [Client thread/INFO]: [CHAT] Machine Core Configuration: Currently set to Fire Totem.
[00:50:35] [Client thread/INFO]: [CHAT] Localized Mode
[00:50:35] [Client thread/INFO]: [CHAT] Player Coord Mode
[00:50:36] [Client thread/INFO]: [CHAT] Time set 0 Mode
[00:50:41] [Client thread/INFO]: [CHAT] Toggle Downfall Mode
[00:50:41] [Client thread/INFO]: [CHAT] Unlocalized Mode
[00:50:43] [Client thread/INFO]: [CHAT] Unlocalized Name: tile.fire_block
[00:50:43] [Client thread/INFO]: [CHAT] Unlocalized Name: tile.fire_block
[00:50:43] [Client thread/INFO]: [CHAT] Unlocalized Name: tile.fire_block
[00:52:10] [Server thread/INFO]: Saving and pausing game...
[00:52:10] [Server thread/INFO]: Saving chunks for level 'New World'/Overworld
[00:52:10] [Server thread/INFO]: Saving chunks for level 'New World'/Nether
[00:52:10] [Server thread/INFO]: Saving chunks for level 'New World'/The End
[00:52:11] [Server thread/INFO]: Stopping server
[00:52:11] [Server thread/INFO]: Saving players
[00:52:11] [Server thread/INFO]: Saving worlds
[00:52:11] [Server thread/INFO]: Saving chunks for level 'New World'/Overworld
[00:52:11] [Server thread/INFO]: Saving chunks for level 'New World'/Nether
[00:52:11] [Server thread/INFO]: Saving chunks for level 'New World'/The End
[00:52:12] [Client thread/INFO]: Stopping!
